#
# There is insufficient memory for the Java Runtime Environment to continue.
# Native memory allocation (malloc) failed to allocate 131088 bytes for Chunk::new
# Possible reasons:
#   The system is out of physical RAM or swap space
#   In 32 bit mode, the process size limit was hit
# Possible solutions:
#   Reduce memory load on the system
#   Increase physical memory or swap space
#   Check if swap backing store is full
#   Use 64 bit Java on a 64 bit OS
#   Decrease Java heap size (-Xmx/-Xms)
#   Decrease number of Java threads
#   Decrease Java thread stack sizes (-Xss)
#   Set larger code cache with -XX:ReservedCodeCacheSize=
# This output file may be truncated or incomplete.
#
#  Out of Memory Error (allocation.cpp:390), pid=9448, tid=0x00000000000007a4
#
# JRE version: OpenJDK Runtime Environment (8.0_152-b06) (build 1.8.0_152-release-1136-b06)
# Java VM: OpenJDK 64-Bit Server VM (25.152-b06 mixed mode windows-amd64 compressed oops)
# Failed to write core dump. Minidumps are not enabled by default on client versions of Windows
#

---------------  T H R E A D  ---------------

Current thread (0x0000000016e7c800):  JavaThread "C2 CompilerThread1" daemon [_thread_in_native, id=1956, stack(0x00000000188e0000,0x00000000189e0000)]

Stack: [0x00000000188e0000,0x00000000189e0000]
[error occurred during error reporting (printing stack bounds), id 0xc0000005]

Native frames: (J=compiled Java code, j=interpreted, Vv=VM code, C=native code)


Current CompileTask:
C2:   8304 4420       4       org.gradle.model.internal.type.ModelType::wrap (219 bytes)


---------------  P R O C E S S  ---------------

Java Threads: ( => current thread )
  0x000000001cbe0800 JavaThread "Memory manager" [_thread_blocked, id=9924, stack(0x0000000022010000,0x0000000022110000)]
  0x000000001cbe1000 JavaThread "Build operations Thread 4" [_thread_blocked, id=20836, stack(0x0000000021910000,0x0000000021a10000)]
  0x000000001cbe2000 JavaThread "Build operations Thread 3" [_thread_blocked, id=10500, stack(0x0000000021810000,0x0000000021910000)]
  0x000000001cbdf800 JavaThread "Build operations Thread 2" [_thread_blocked, id=20260, stack(0x0000000021510000,0x0000000021610000)]
  0x000000001cbe3800 JavaThread "Build operations" [_thread_blocked, id=7988, stack(0x0000000021310000,0x0000000021410000)]
  0x000000001cbde000 JavaThread "Cache worker for Artifact transforms cache (C:\Users\Administrator\.gradle\caches\transforms-1)" [_thread_blocked, id=3276, stack(0x0000000021010000,0x0000000021110000)]
  0x000000001a146000 JavaThread "Cache worker for file hash cache (E:\Code\Android\Ne10Test\pp\.gradle\4.6\fileHashes)" [_thread_blocked, id=13080, stack(0x000000001c530000,0x000000001c630000)]
  0x000000001a292000 JavaThread "File lock request listener" [_thread_in_native, id=6740, stack(0x000000001b460000,0x000000001b560000)]
  0x000000001a1a0000 JavaThread "Cache worker for file hash cache (C:\Users\Administrator\.gradle\caches\4.6\fileHashes)" [_thread_blocked, id=4208, stack(0x000000001b360000,0x000000001b460000)]
  0x0000000019cd2800 JavaThread "Stdin handler" [_thread_blocked, id=18480, stack(0x000000001b060000,0x000000001b160000)]
  0x0000000019cda000 JavaThread "Asynchronous log dispatcher for DefaultDaemonConnection: socket connection from /127.0.0.1:14917 to /127.0.0.1:14918" [_thread_blocked, id=15872, stack(0x000000001af60000,0x000000001b060000)]
  0x0000000019cc7000 JavaThread "Daemon worker" [_thread_in_Java, id=2256, stack(0x000000001ae60000,0x000000001af60000)]
  0x0000000019db6000 JavaThread "Cancel handler" [_thread_blocked, id=20660, stack(0x000000001ad60000,0x000000001ae60000)]
  0x0000000019bee800 JavaThread "Handler for socket connection from /127.0.0.1:14917 to /127.0.0.1:14918" [_thread_in_native, id=16712, stack(0x000000001aa60000,0x000000001ab60000)]
  0x0000000019c95000 JavaThread "Daemon" [_thread_blocked, id=20044, stack(0x000000001a960000,0x000000001aa60000)]
  0x0000000019d43000 JavaThread "Daemon periodic checks" [_thread_blocked, id=9340, stack(0x000000001a860000,0x000000001a960000)]
  0x0000000019c92800 JavaThread "Incoming local TCP Connector on port 14917" [_thread_in_native, id=14052, stack(0x000000001a6b0000,0x000000001a7b0000)]
  0x0000000018259800 JavaThread "Service Thread" daemon [_thread_blocked, id=13840, stack(0x0000000018ae0000,0x0000000018be0000)]
  0x00000000181ed000 JavaThread "C1 CompilerThread2" daemon [_thread_in_vm, id=17208, stack(0x00000000189e0000,0x0000000018ae0000)]
=>0x0000000016e7c800 JavaThread "C2 CompilerThread1" daemon [_thread_in_native, id=1956, stack(0x00000000188e0000,0x00000000189e0000)]
  0x0000000016e2e800 JavaThread "C2 CompilerThread0" daemon [_thread_in_native, id=16600, stack(0x00000000187e0000,0x00000000188e0000)]
  0x0000000016e2d000 JavaThread "Attach Listener" daemon [_thread_blocked, id=2380, stack(0x00000000186e0000,0x00000000187e0000)]
  0x00000000181e8800 JavaThread "Signal Dispatcher" daemon [_thread_blocked, id=14132, stack(0x00000000185e0000,0x00000000186e0000)]
  0x00000000034ab000 JavaThread "Finalizer" daemon [_thread_blocked, id=5004, stack(0x0000000018080000,0x0000000018180000)]
  0x00000000034a2000 JavaThread "Reference Handler" daemon [_thread_blocked, id=6868, stack(0x0000000017f80000,0x0000000018080000)]
  0x00000000033b2800 JavaThread "main" [_thread_blocked, id=16604, stack(0x0000000001770000,0x0000000001870000)]

Other Threads:
  0x0000000016de5800 VMThread [stack: 0x0000000017e80000,0x0000000017f80000] [id=5736]
  0x000000001826c000 WatcherThread [stack: 0x0000000018be0000,0x0000000018ce0000] [id=17556]

VM state:not at safepoint (normal execution)

VM Mutex/Monitor currently owned by a thread: None

Heap:
 PSYoungGen      total 183808K, used 61360K [0x00000000e0000000, 0x00000000ee380000, 0x0000000100000000)
  eden space 172544K, 35% used [0x00000000e0000000,0x00000000e3bec070,0x00000000ea880000)
  from space 11264K, 0% used [0x00000000eb400000,0x00000000eb400000,0x00000000ebf00000)
  to   space 11776K, 0% used [0x00000000ea880000,0x00000000ea880000,0x00000000eb400000)
 ParOldGen       total 89088K, used 16311K [0x00000000a0000000, 0x00000000a5700000, 0x00000000e0000000)
  object space 89088K, 18% used [0x00000000a0000000,0x00000000a0fede08,0x00000000a5700000)
 Metaspace       used 39175K, capacity 39897K, committed 40280K, reserved 1083392K
  class space    used 5249K, capacity 5465K, committed 5504K, reserved 1048576K

Card table byte_map: [0x0000000012870000,0x0000000012b80000] byte_map_base: 0x0000000012370000

Marking Bits: (ParMarkBitMap*) 0x00000000767c5aa0
 Begin Bits: [0x0000000013180000, 0x0000000014980000)
 End Bits:   [0x0000000014980000, 0x0000000016180000)

Polling page: 0x0000000000ff0000

CodeCache: size=245760Kb used=13568Kb max_used=13568Kb free=232191Kb
 bounds [0x00000000034b0000, 0x0000000004200000, 0x00000000124b0000]
 total_blobs=4727 nmethods=4008 adapters=631
 compilation: enabled

Compilation events (10 events):
Event: 8.299 Thread 0x00000000181ed000 nmethod 4509 0x00000000041edf90 code [0x00000000041ee140, 0x00000000041ee668]
Event: 8.299 Thread 0x00000000181ed000 4510       3       org.gradle.model.internal.manage.schema.extract.ModelPropertyExtractionContext::isReadable (13 bytes)
Event: 8.299 Thread 0x00000000181ed000 nmethod 4510 0x00000000041ee850 code [0x00000000041ee9e0, 0x00000000041eee88]
Event: 8.299 Thread 0x00000000181ed000 4511       3       java.util.EnumMap::keySet (26 bytes)
Event: 8.300 Thread 0x00000000181ed000 nmethod 4511 0x00000000041eefd0 code [0x00000000041ef160, 0x00000000041ef550]
Event: 8.300 Thread 0x00000000181ed000 4514       3       java.util.LinkedHashMap::afterNodeRemoval (65 bytes)
Event: 8.300 Thread 0x00000000181ed000 nmethod 4514 0x00000000041ef750 code [0x00000000041ef8c0, 0x00000000041efc50]
Event: 8.300 Thread 0x00000000181ed000 4512       3       java.util.EnumMap$KeySet::<init> (6 bytes)
Event: 8.300 Thread 0x00000000181ed000 nmethod 4512 0x00000000041efd90 code [0x00000000041eff00, 0x00000000041f01f0]
Event: 8.300 Thread 0x00000000181ed000 4513       3       java.util.EnumMap$KeySet::<init> (10 bytes)

GC Heap History (10 events):
Event: 4.052 GC heap before
{Heap before GC invocations=6 (full 1):
 PSYoungGen      total 71680K, used 5100K [0x00000000e0000000, 0x00000000e9600000, 0x0000000100000000)
  eden space 66560K, 0% used [0x00000000e0000000,0x00000000e0000000,0x00000000e4100000)
  from space 5120K, 99% used [0x00000000e4100000,0x00000000e45fb070,0x00000000e4600000)
  to   space 10240K, 0% used [0x00000000e8c00000,0x00000000e8c00000,0x00000000e9600000)
 ParOldGen       total 87552K, used 9145K [0x00000000a0000000, 0x00000000a5580000, 0x00000000e0000000)
  object space 87552K, 10% used [0x00000000a0000000,0x00000000a08ee788,0x00000000a5580000)
 Metaspace       used 20694K, capacity 21160K, committed 21248K, reserved 1067008K
  class space    used 2895K, capacity 3045K, committed 3072K, reserved 1048576K
Event: 4.090 GC heap after
Heap after GC invocations=6 (full 1):
 PSYoungGen      total 71680K, used 0K [0x00000000e0000000, 0x00000000e9600000, 0x0000000100000000)
  eden space 66560K, 0% used [0x00000000e0000000,0x00000000e0000000,0x00000000e4100000)
  from space 5120K, 0% used [0x00000000e4100000,0x00000000e4100000,0x00000000e4600000)
  to   space 10240K, 0% used [0x00000000e8c00000,0x00000000e8c00000,0x00000000e9600000)
 ParOldGen       total 58880K, used 8733K [0x00000000a0000000, 0x00000000a3980000, 0x00000000e0000000)
  object space 58880K, 14% used [0x00000000a0000000,0x00000000a0887550,0x00000000a3980000)
 Metaspace       used 20694K, capacity 21160K, committed 21248K, reserved 1067008K
  class space    used 2895K, capacity 3045K, committed 3072K, reserved 1048576K
}
Event: 5.072 GC heap before
{Heap before GC invocations=7 (full 1):
 PSYoungGen      total 71680K, used 66543K [0x00000000e0000000, 0x00000000e9600000, 0x0000000100000000)
  eden space 66560K, 99% used [0x00000000e0000000,0x00000000e40fbe38,0x00000000e4100000)
  from space 5120K, 0% used [0x00000000e4100000,0x00000000e4100000,0x00000000e4600000)
  to   space 10240K, 0% used [0x00000000e8c00000,0x00000000e8c00000,0x00000000e9600000)
 ParOldGen       total 58880K, used 8733K [0x00000000a0000000, 0x00000000a3980000, 0x00000000e0000000)
  object space 58880K, 14% used [0x00000000a0000000,0x00000000a0887550,0x00000000a3980000)
 Metaspace       used 25946K, capacity 26502K, committed 26624K, reserved 1073152K
  class space    used 3602K, capacity 3770K, committed 3840K, reserved 1048576K
Event: 5.081 GC heap after
Heap after GC invocations=7 (full 1):
 PSYoungGen      total 115712K, used 7668K [0x00000000e0000000, 0x00000000e9380000, 0x0000000100000000)
  eden space 108032K, 0% used [0x00000000e0000000,0x00000000e0000000,0x00000000e6980000)
  from space 7680K, 99% used [0x00000000e8c00000,0x00000000e937d2f8,0x00000000e9380000)
  to   space 10240K, 0% used [0x00000000e7f80000,0x00000000e7f80000,0x00000000e8980000)
 ParOldGen       total 58880K, used 8741K [0x00000000a0000000, 0x00000000a3980000, 0x00000000e0000000)
  object space 58880K, 14% used [0x00000000a0000000,0x00000000a0889550,0x00000000a3980000)
 Metaspace       used 25946K, capacity 26502K, committed 26624K, reserved 1073152K
  class space    used 3602K, capacity 3770K, committed 3840K, reserved 1048576K
}
Event: 6.776 GC heap before
{Heap before GC invocations=8 (full 1):
 PSYoungGen      total 115712K, used 115700K [0x00000000e0000000, 0x00000000e9380000, 0x0000000100000000)
  eden space 108032K, 100% used [0x00000000e0000000,0x00000000e6980000,0x00000000e6980000)
  from space 7680K, 99% used [0x00000000e8c00000,0x00000000e937d2f8,0x00000000e9380000)
  to   space 10240K, 0% used [0x00000000e7f80000,0x00000000e7f80000,0x00000000e8980000)
 ParOldGen       total 58880K, used 8741K [0x00000000a0000000, 0x00000000a3980000, 0x00000000e0000000)
  object space 58880K, 14% used [0x00000000a0000000,0x00000000a0889550,0x00000000a3980000)
 Metaspace       used 31430K, capacity 32054K, committed 32256K, reserved 1077248K
  class space    used 4268K, capacity 4488K, committed 4608K, reserved 1048576K
Event: 6.794 GC heap after
Heap after GC invocations=8 (full 1):
 PSYoungGen      total 140800K, used 9543K [0x00000000e0000000, 0x00000000ebf00000, 0x0000000100000000)
  eden space 130560K, 0% used [0x00000000e0000000,0x00000000e0000000,0x00000000e7f80000)
  from space 10240K, 93% used [0x00000000e7f80000,0x00000000e88d1d40,0x00000000e8980000)
  to   space 11264K, 0% used [0x00000000eb400000,0x00000000eb400000,0x00000000ebf00000)
 ParOldGen       total 58880K, used 8749K [0x00000000a0000000, 0x00000000a3980000, 0x00000000e0000000)
  object space 58880K, 14% used [0x00000000a0000000,0x00000000a088b550,0x00000000a3980000)
 Metaspace       used 31430K, capacity 32054K, committed 32256K, reserved 1077248K
  class space    used 4268K, capacity 4488K, committed 4608K, reserved 1048576K
}
Event: 7.641 GC heap before
{Heap before GC invocations=9 (full 1):
 PSYoungGen      total 140800K, used 58173K [0x00000000e0000000, 0x00000000ebf00000, 0x0000000100000000)
  eden space 130560K, 37% used [0x00000000e0000000,0x00000000e2f7da10,0x00000000e7f80000)
  from space 10240K, 93% used [0x00000000e7f80000,0x00000000e88d1d40,0x00000000e8980000)
  to   space 11264K, 0% used [0x00000000eb400000,0x00000000eb400000,0x00000000ebf00000)
 ParOldGen       total 58880K, used 8749K [0x00000000a0000000, 0x00000000a3980000, 0x00000000e0000000)
  object space 58880K, 14% used [0x00000000a0000000,0x00000000a088b550,0x00000000a3980000)
 Metaspace       used 34811K, capacity 35389K, committed 35416K, reserved 1079296K
  class space    used 4758K, capacity 4985K, committed 4992K, reserved 1048576K
Event: 7.654 GC heap after
Heap after GC invocations=9 (full 1):
 PSYoungGen      total 183808K, used 9572K [0x00000000e0000000, 0x00000000ee380000, 0x0000000100000000)
  eden space 172544K, 0% used [0x00000000e0000000,0x00000000e0000000,0x00000000ea880000)
  from space 11264K, 84% used [0x00000000eb400000,0x00000000ebd59330,0x00000000ebf00000)
  to   space 11776K, 0% used [0x00000000ea880000,0x00000000ea880000,0x00000000eb400000)
 ParOldGen       total 58880K, used 8821K [0x00000000a0000000, 0x00000000a3980000, 0x00000000e0000000)
  object space 58880K, 14% used [0x00000000a0000000,0x00000000a089d560,0x00000000a3980000)
 Metaspace       used 34811K, capacity 35389K, committed 35416K, reserved 1079296K
  class space    used 4758K, capacity 4985K, committed 4992K, reserved 1048576K
}
Event: 7.654 GC heap before
{Heap before GC invocations=10 (full 2):
 PSYoungGen      total 183808K, used 9572K [0x00000000e0000000, 0x00000000ee380000, 0x0000000100000000)
  eden space 172544K, 0% used [0x00000000e0000000,0x00000000e0000000,0x00000000ea880000)
  from space 11264K, 84% used [0x00000000eb400000,0x00000000ebd59330,0x00000000ebf00000)
  to   space 11776K, 0% used [0x00000000ea880000,0x00000000ea880000,0x00000000eb400000)
 ParOldGen       total 58880K, used 8821K [0x00000000a0000000, 0x00000000a3980000, 0x00000000e0000000)
  object space 58880K, 14% used [0x00000000a0000000,0x00000000a089d560,0x00000000a3980000)
 Metaspace       used 34811K, capacity 35389K, committed 35416K, reserved 1079296K
  class space    used 4758K, capacity 4985K, committed 4992K, reserved 1048576K
Event: 7.725 GC heap after
Heap after GC invocations=10 (full 2):
 PSYoungGen      total 183808K, used 0K [0x00000000e0000000, 0x00000000ee380000, 0x0000000100000000)
  eden space 172544K, 0% used [0x00000000e0000000,0x00000000e0000000,0x00000000ea880000)
  from space 11264K, 0% used [0x00000000eb400000,0x00000000eb400000,0x00000000ebf00000)
  to   space 11776K, 0% used [0x00000000ea880000,0x00000000ea880000,0x00000000eb400000)
 ParOldGen       total 89088K, used 16311K [0x00000000a0000000, 0x00000000a5700000, 0x00000000e0000000)
  object space 89088K, 18% used [0x00000000a0000000,0x00000000a0fede08,0x00000000a5700000)
 Metaspace       used 34811K, capacity 35389K, committed 35416K, reserved 1079296K
  class space    used 4758K, capacity 4985K, committed 4992K, reserved 1048576K
}

Deoptimization events (10 events):
Event: 7.535 Thread 0x0000000019cc7000 Uncommon trap: reason=class_check action=maybe_recompile pc=0x0000000003d5125c method=java.io.BufferedInputStream.read1([BII)I @ 39
Event: 7.592 Thread 0x0000000019cc7000 Uncommon trap: reason=unstable_if action=reinterpret pc=0x0000000003e61950 method=java.lang.Integer.valueOf(I)Ljava/lang/Integer; @ 3
Event: 8.103 Thread 0x0000000019cc7000 Uncommon trap: reason=unstable_if action=reinterpret pc=0x0000000003cba390 method=java.net.URLClassLoader.isSealed(Ljava/lang/String;Ljava/util/jar/Manifest;)Z @ 26
Event: 8.109 Thread 0x0000000019cc7000 Uncommon trap: reason=unstable_if action=reinterpret pc=0x00000000035fdb8c method=java.util.HashMap.removeNode(ILjava/lang/Object;Ljava/lang/Object;ZZ)Ljava/util/HashMap$Node; @ 58
Event: 8.118 Thread 0x0000000019cc7000 Uncommon trap: reason=unstable_if action=reinterpret pc=0x0000000003d3fcf4 method=java.util.HashMap.putVal(ILjava/lang/Object;Ljava/lang/Object;ZZ)Ljava/lang/Object; @ 162
Event: 8.118 Thread 0x0000000019cc7000 Uncommon trap: reason=unstable_if action=reinterpret pc=0x000000000417235c method=java.util.HashMap.putVal(ILjava/lang/Object;Ljava/lang/Object;ZZ)Ljava/lang/Object; @ 162
Event: 8.119 Thread 0x0000000019cc7000 Uncommon trap: reason=unstable_if action=reinterpret pc=0x000000000375bc14 method=java.util.HashMap.resize()[Ljava/util/HashMap$Node; @ 206
Event: 8.128 Thread 0x0000000019cc7000 Uncommon trap: reason=unstable_if action=reinterpret pc=0x000000000404d144 method=java.util.HashMap.removeNode(ILjava/lang/Object;Ljava/lang/Object;ZZ)Ljava/util/HashMap$Node; @ 58
Event: 8.221 Thread 0x0000000019cc7000 Uncommon trap: reason=unstable_if action=reinterpret pc=0x00000000037bec98 method=java.lang.reflect.Modifier.toString(I)Ljava/lang/String; @ 123
Event: 8.221 Thread 0x0000000019cc7000 Uncommon trap: reason=unstable_if action=reinterpret pc=0x0000000003e2d678 method=java.lang.reflect.Modifier.toString(I)Ljava/lang/String; @ 123

Classes redefined (0 events):
No events

Internal exceptions (10 events):
Event: 7.422 Thread 0x0000000019cc7000 Exception <a 'java/lang/ClassNotFoundException': org/gradle/api/internal/AbstractTaskCustomizer> (0x00000000e2209290) thrown at [D:\src\AOSP-openjdk-cygwin\jdk8u\hotspot\src\share\vm\classfile\systemDictionary.cpp, line 210]
Event: 7.425 Thread 0x0000000019cc7000 Exception <a 'java/lang/ClassNotFoundException': org/gradle/api/DefaultTaskCustomizer> (0x00000000e2292f80) thrown at [D:\src\AOSP-openjdk-cygwin\jdk8u\hotspot\src\share\vm\classfile\systemDictionary.cpp, line 210]
Event: 7.426 Thread 0x0000000019cc7000 Exception <a 'java/lang/ClassNotFoundException': org/gradle/api/internal/ConventionTaskCustomizer> (0x00000000e22cefa0) thrown at [D:\src\AOSP-openjdk-cygwin\jdk8u\hotspot\src\share\vm\classfile\systemDictionary.cpp, line 210]
Event: 7.428 Thread 0x0000000019cc7000 Exception <a 'java/lang/ClassNotFoundException': org/gradle/api/tasks/DeleteCustomizer> (0x00000000e23088a8) thrown at [D:\src\AOSP-openjdk-cygwin\jdk8u\hotspot\src\share\vm\classfile\systemDictionary.cpp, line 210]
Event: 7.431 Thread 0x0000000019cc7000 Exception <a 'java/lang/ClassNotFoundException': org/gradle/api/tasks/Delete_DecoratedCustomizer> (0x00000000e2350360) thrown at [D:\src\AOSP-openjdk-cygwin\jdk8u\hotspot\src\share\vm\classfile\systemDictionary.cpp, line 210]
Event: 7.463 Thread 0x0000000019cc7000 Exception <a 'java/lang/ClassNotFoundException': build_4hhv25sp5g5tm8moi5md61ncqBeanInfo> (0x00000000e2470610) thrown at [D:\src\AOSP-openjdk-cygwin\jdk8u\hotspot\src\share\vm\classfile\systemDictionary.cpp, line 210]
Event: 7.464 Thread 0x0000000019cc7000 Exception <a 'java/lang/ClassNotFoundException': build_4hhv25sp5g5tm8moi5md61ncqCustomizer> (0x00000000e247b0c8) thrown at [D:\src\AOSP-openjdk-cygwin\jdk8u\hotspot\src\share\vm\classfile\systemDictionary.cpp, line 210]
Event: 7.470 Thread 0x0000000019cc7000 Exception <a 'java/lang/ClassNotFoundException': org/gradle/api/internal/plugins/DefaultObjectConfigurationActionBeanInfo> (0x00000000e24e2e08) thrown at [D:\src\AOSP-openjdk-cygwin\jdk8u\hotspot\src\share\vm\classfile\systemDictionary.cpp, line 210]
Event: 7.471 Thread 0x0000000019cc7000 Exception <a 'java/lang/ClassNotFoundException': org/gradle/api/internal/plugins/DefaultObjectConfigurationActionCustomizer> (0x00000000e251c8a8) thrown at [D:\src\AOSP-openjdk-cygwin\jdk8u\hotspot\src\share\vm\classfile\systemDictionary.cpp, line 210]
Event: 7.981 Thread 0x0000000019cc7000 Exception <a 'sun/nio/fs/WindowsException'> (0x00000000e129a188) thrown at [D:\src\AOSP-openjdk-cygwin\jdk8u\hotspot\src\share\vm\prims\jni.cpp, line 709]

Events (10 events):
Event: 8.253 loading class org/apache/tools/ant/types/Reference
Event: 8.253 loading class org/apache/tools/ant/types/Reference done
Event: 8.253 loading class org/apache/tools/ant/Location
Event: 8.253 loading class org/apache/tools/ant/Location done
Event: 8.259 loading class org/apache/tools/ant/input/InputRequest
Event: 8.259 loading class org/apache/tools/ant/input/InputRequest done
Event: 8.265 loading class org/apache/tools/ant/taskdefs/condition/Condition
Event: 8.265 loading class org/apache/tools/ant/taskdefs/condition/Condition done
Event: 8.288 loading class org/gradle/api/artifacts/type/ArtifactTypeDefinition
Event: 8.288 loading class org/gradle/api/artifacts/type/ArtifactTypeDefinition done


Dynamic libraries:
0x00007ff6340e0000 - 0x00007ff634111000 	D:\AndroidStudio\jre\bin\java.exe
0x00007ffeb7d00000 - 0x00007ffeb7eed000 	C:\WINDOWS\SYSTEM32\ntdll.dll
0x00007ffeb5070000 - 0x00007ffeb5123000 	C:\WINDOWS\System32\KERNEL32.DLL
0x00007ffeb4a70000 - 0x00007ffeb4d03000 	C:\WINDOWS\System32\KERNELBASE.dll
0x00007ffeb6780000 - 0x00007ffeb6823000 	C:\WINDOWS\System32\ADVAPI32.dll
0x00007ffeb71f0000 - 0x00007ffeb728e000 	C:\WINDOWS\System32\msvcrt.dll
0x00007ffeb7320000 - 0x00007ffeb73be000 	C:\WINDOWS\System32\sechost.dll
0x00007ffeb6c30000 - 0x00007ffeb6d52000 	C:\WINDOWS\System32\RPCRT4.dll
0x00007ffeb6fa0000 - 0x00007ffeb7137000 	C:\WINDOWS\System32\USER32.dll
0x00007ffeb4d90000 - 0x00007ffeb4db0000 	C:\WINDOWS\System32\win32u.dll
0x00007ffeb7140000 - 0x00007ffeb7169000 	C:\WINDOWS\System32\GDI32.dll
0x00007ffeb45f0000 - 0x00007ffeb478a000 	C:\WINDOWS\System32\gdi32full.dll
0x00007ffeb4db0000 - 0x00007ffeb4e50000 	C:\WINDOWS\System32\msvcp_win.dll
0x00007ffeb4970000 - 0x00007ffeb4a6a000 	C:\WINDOWS\System32\ucrtbase.dll
0x00007ffea3de0000 - 0x00007ffea4059000 	C:\WINDOWS\WinSxS\amd64_microsoft.windows.common-controls_6595b64144ccf1df_6.0.17763.557_none_05b63f68071e5b9f\COMCTL32.dll
0x00007ffeb74a0000 - 0x00007ffeb77cc000 	C:\WINDOWS\System32\combase.dll
0x00007ffeb4d10000 - 0x00007ffeb4d8e000 	C:\WINDOWS\System32\bcryptPrimitives.dll
0x00007ffeb6dc0000 - 0x00007ffeb6dee000 	C:\WINDOWS\System32\IMM32.DLL
0x0000000050630000 - 0x0000000050702000 	D:\AndroidStudio\jre\jre\bin\msvcr100.dll
0x0000000076000000 - 0x0000000076841000 	D:\AndroidStudio\jre\jre\bin\server\jvm.dll
0x00007ffeb4f30000 - 0x00007ffeb4f38000 	C:\WINDOWS\System32\PSAPI.DLL
0x00007ffeb28f0000 - 0x00007ffeb28fa000 	C:\WINDOWS\SYSTEM32\VERSION.dll
0x00007ffeb1b40000 - 0x00007ffeb1b64000 	C:\WINDOWS\SYSTEM32\WINMM.dll
0x00007ffea00f0000 - 0x00007ffea00f9000 	C:\WINDOWS\SYSTEM32\WSOCK32.dll
0x00007ffeb6890000 - 0x00007ffeb68fd000 	C:\WINDOWS\System32\WS2_32.dll
0x00007ffeb1b10000 - 0x00007ffeb1b3d000 	C:\WINDOWS\SYSTEM32\WINMMBASE.dll
0x00007ffeb3df0000 - 0x00007ffeb3e3a000 	C:\WINDOWS\System32\cfgmgr32.dll
0x00007ffeaef20000 - 0x00007ffeaef2f000 	D:\AndroidStudio\jre\jre\bin\verify.dll
0x00007ffea2500000 - 0x00007ffea2529000 	D:\AndroidStudio\jre\jre\bin\java.dll
0x00007ffeab3d0000 - 0x00007ffeab3e6000 	D:\AndroidStudio\jre\jre\bin\zip.dll
0x00007ffeb5130000 - 0x00007ffeb6620000 	C:\WINDOWS\System32\SHELL32.dll
0x00007ffeb6620000 - 0x00007ffeb66c8000 	C:\WINDOWS\System32\shcore.dll
0x00007ffeb3e40000 - 0x00007ffeb458a000 	C:\WINDOWS\System32\windows.storage.dll
0x00007ffeb3d20000 - 0x00007ffeb3d44000 	C:\WINDOWS\System32\profapi.dll
0x00007ffeb3d70000 - 0x00007ffeb3dcd000 	C:\WINDOWS\System32\powrprof.dll
0x00007ffeb77d0000 - 0x00007ffeb7822000 	C:\WINDOWS\System32\shlwapi.dll
0x00007ffeb3d00000 - 0x00007ffeb3d11000 	C:\WINDOWS\System32\kernel.appcore.dll
0x00007ffeb3dd0000 - 0x00007ffeb3de7000 	C:\WINDOWS\System32\cryptsp.dll
0x00007ffea41b0000 - 0x00007ffea41ca000 	D:\AndroidStudio\jre\jre\bin\net.dll
0x00007ffeb3520000 - 0x00007ffeb3587000 	C:\WINDOWS\system32\mswsock.dll
0x00007ffea3b80000 - 0x00007ffea3b91000 	D:\AndroidStudio\jre\jre\bin\nio.dll
0x00007ffe8f1e0000 - 0x00007ffe8f1fe000 	C:\Users\Administrator\.gradle\native\25\windows-amd64\native-platform.dll
0x00007ffea3db0000 - 0x00007ffea3dbd000 	D:\AndroidStudio\jre\jre\bin\management.dll
0x00007ffeb30e0000 - 0x00007ffeb3113000 	C:\WINDOWS\system32\rsaenh.dll
0x00007ffeb4f00000 - 0x00007ffeb4f26000 	C:\WINDOWS\System32\bcrypt.dll
0x00007ffeb3c00000 - 0x00007ffeb3c28000 	C:\WINDOWS\SYSTEM32\USERENV.dll
0x00007ffeb36f0000 - 0x00007ffeb36fc000 	C:\WINDOWS\SYSTEM32\CRYPTBASE.dll
0x00007ffeb3280000 - 0x00007ffeb32bd000 	C:\WINDOWS\SYSTEM32\IPHLPAPI.DLL
0x00007ffeb73c0000 - 0x00007ffeb73c8000 	C:\WINDOWS\System32\NSI.dll
0x00007ffeaca00000 - 0x00007ffeaca16000 	C:\WINDOWS\SYSTEM32\dhcpcsvc6.DLL
0x00007ffeac8a0000 - 0x00007ffeac8bc000 	C:\WINDOWS\SYSTEM32\dhcpcsvc.DLL
0x00007ffeb32c0000 - 0x00007ffeb3386000 	C:\WINDOWS\SYSTEM32\DNSAPI.dll

VM Arguments:
jvm_args: -Xmx1536m -Dfile.encoding=GBK -Duser.country=CN -Duser.language=zh -Duser.variant 
java_command: org.gradle.launcher.daemon.bootstrap.GradleDaemon 4.6
java_class_path (initial): C:\Users\Administrator\.gradle\wrapper\dists\gradle-4.6-all\bcst21l2brirad8k2ben1letg\gradle-4.6\lib\gradle-launcher-4.6.jar
Launcher Type: SUN_STANDARD

Environment Variables:
JAVA_HOME=C:\Program Files\Java\jdk1.8.0_181
CLASSPATH=.;C:\Program Files\Java\jdk1.8.0_181\lib;C:\Program Files\Java\jdk1.8.0_181lib\tool.jar;C:\Program Files\apache-tomcat-7.0.93\lib\servlet-api.jar;F:\mysql-connector-java-8.0.15.jar;C:\Users\Administrator\AppData\Local\Android\Sdk\ndk-bundle\sources\android\cpufeatures
PATH=C:\WINDOWS\system32;C:\WINDOWS;C:\WINDOWS\System32\Wbem;C:\WINDOWS\System32\WindowsPowerShell\v1.0\;D:\Git\Git\cmd;C:\Program Files (x86)\STMicroelectronics\STM32 ST-LINK Utility\ST-LINK Utility;D:\matlab\runtime\win64;D:\matlab\bin;D:\Matlab_\runtime\win64;D:\Matlab_\bin;C:\Program Files (x86)\Microsoft SQL Server\100\Tools\Binn\;C:\Program Files\Microsoft SQL Server\100\Tools\Binn\;C:\Program Files\Microsoft SQL Server\100\DTS\Binn\;C:\Program Files\Java\jdk1.8.0_181\bin;E:\Visual_Studio_Projects\TestInt\x64\Debug;C:\WINDOWS\System32\OpenSSH\;C:\Users\Administrator\AppData\Local\Android\Sdk\ndk-bundle;C:\Users\Administrator\AppData\Local\Android\Sdk\platform-tools\;D:\MySql\mysql-8.0.15-winx64\bin;C:\Program Files\apache-tomcat-7.0.93\bin;"C:\Program Files\Java\jdk1.8.0_181\bin;C:\Program Files\Java\jdk1.8.0_181\jre\bin";F:\cmake\cmake-3.15.0-rc1-win64-x64\bin;C:\Users\Administrator\AppData\Local\Android\Sdk\ndk-bundle\sources\android\cpufeatures;C:\Users\Administrator\AppData\Local\Android\Sdk\ndk-bundle;armv7;F:\mingww\include;F:\mingww\bin;F:\mingww\lib;C:\Users\Administrator\AppData\Local\Programs\Python\Python37\Scripts\;C:\Users\Administrator\AppData\Local\Programs\Python\Python37\;C:\Users\Administrator\AppData\Local\Microsoft\WindowsApps
USERNAME=Administrator
OS=Windows_NT
PROCESSOR_IDENTIFIER=Intel64 Family 6 Model 60 Stepping 3, GenuineIntel



---------------  S Y S T E M  ---------------

OS: Windows 10.0 , 64 bit Build 17763 (10.0.17763.475)

CPU:total 4 (initial active 4) (2 cores per cpu, 2 threads per core) family 6 model 60 stepping 3, cmov, cx8, fxsr, mmx, sse, sse2, sse3, ssse3, sse4.1, sse4.2, popcnt, avx, avx2, aes, clmul, erms, lzcnt, ht, tsc, tscinvbit, bmi1, bmi2

Memory: 4k page, physical 8286152k(1074084k free), swap 15488040k(5124k free)

vm_info: OpenJDK 64-Bit Server VM (25.152-b06) for windows-amd64 JRE (1.8.0_152-release-1136-b06), built by "builder" with MS VC++ 10.0 (VS2010)

time: Tue Jul 02 19:15:03 2019
elapsed time: 8 seconds (0d 0h 0m 8s)

