#
# There is insufficient memory for the Java Runtime Environment to continue.
# Native memory allocation (malloc) failed to allocate 1344496 bytes for Chunk::new
# Possible reasons:
#   The system is out of physical RAM or swap space
#   In 32 bit mode, the process size limit was hit
# Possible solutions:
#   Reduce memory load on the system
#   Increase physical memory or swap space
#   Check if swap backing store is full
#   Use 64 bit Java on a 64 bit OS
#   Decrease Java heap size (-Xmx/-Xms)
#   Decrease number of Java threads
#   Decrease Java thread stack sizes (-Xss)
#   Set larger code cache with -XX:ReservedCodeCacheSize=
# This output file may be truncated or incomplete.
#
#  Out of Memory Error (allocation.cpp:390), pid=14568, tid=0x0000000000001cfc
#
# JRE version: OpenJDK Runtime Environment (8.0_152-b06) (build 1.8.0_152-release-1136-b06)
# Java VM: OpenJDK 64-Bit Server VM (25.152-b06 mixed mode windows-amd64 compressed oops)
# Failed to write core dump. Minidumps are not enabled by default on client versions of Windows
#

---------------  T H R E A D  ---------------

Current thread (0x00000000177f3000):  JavaThread "C2 CompilerThread1" daemon [_thread_in_native, id=7420, stack(0x0000000017ee0000,0x0000000017fe0000)]

Stack: [0x0000000017ee0000,0x0000000017fe0000]
[error occurred during error reporting (printing stack bounds), id 0xc0000005]

Native frames: (J=compiled Java code, j=interpreted, Vv=VM code, C=native code)


Current CompileTask:
C2:  17871 7750       4       java.net.URLClassLoader$1::run (5 bytes)


---------------  P R O C E S S  ---------------

Java Threads: ( => current thread )
  0x000000001ba01000 JavaThread "Cache worker for Java compile cache (E:\Code\Android\Ne10Test\pp\.gradle\4.6\javaCompile)" [_thread_blocked, id=17176, stack(0x0000000023410000,0x0000000023510000)]
  0x000000001ba00800 JavaThread "Task worker for ':' Thread 3" [_thread_blocked, id=8992, stack(0x0000000023310000,0x0000000023410000)]
  0x000000001ba03800 JavaThread "Task worker for ':' Thread 2" [_thread_blocked, id=1064, stack(0x0000000023210000,0x0000000023310000)]
  0x000000001b9ff800 JavaThread "Task worker for ':'" [_thread_in_vm, id=10768, stack(0x0000000023110000,0x0000000023210000)]
  0x000000001b9fc000 JavaThread "Cache worker for Build Output Cleanup Cache (E:\Code\Android\Ne10Test\pp\.gradle\buildOutputCleanup)" [_thread_blocked, id=20932, stack(0x0000000022bf0000,0x0000000022cf0000)]
  0x000000001ba02800 JavaThread "Cache worker for task history cache (E:\Code\Android\Ne10Test\pp\.gradle\4.6\taskHistory)" [_thread_blocked, id=9536, stack(0x0000000022af0000,0x0000000022bf0000)]
  0x000000001b9ff000 JavaThread "Cache worker for file content cache (E:\Code\Android\Ne10Test\pp\.gradle\4.6\fileContent)" [_thread_blocked, id=19716, stack(0x00000000229f0000,0x0000000022af0000)]
  0x000000001b9fb000 JavaThread "pool-2-thread-2" [_thread_blocked, id=21496, stack(0x00000000226f0000,0x00000000227f0000)]
  0x000000001b9fd800 JavaThread "pool-2-thread-1" [_thread_blocked, id=12052, stack(0x00000000225f0000,0x00000000226f0000)]
  0x000000001c09c800 JavaThread "Memory manager" [_thread_blocked, id=2600, stack(0x00000000216b0000,0x00000000217b0000)]
  0x000000001c09a000 JavaThread "Build operations Thread 4" [_thread_blocked, id=11644, stack(0x0000000020eb0000,0x0000000020fb0000)]
  0x000000001c09e800 JavaThread "Build operations Thread 3" [_thread_blocked, id=18144, stack(0x0000000020db0000,0x0000000020eb0000)]
  0x000000001c09b000 JavaThread "Build operations Thread 2" [_thread_blocked, id=19772, stack(0x0000000020a30000,0x0000000020b30000)]
  0x000000001c09b800 JavaThread "Build operations" [_thread_blocked, id=19948, stack(0x000000001e760000,0x000000001e860000)]
  0x000000001c098800 JavaThread "Cache worker for Artifact transforms cache (C:\Users\Administrator\.gradle\caches\transforms-1)" [_thread_blocked, id=15952, stack(0x000000001cc40000,0x000000001cd40000)]
  0x0000000018afb000 JavaThread "Cache worker for file hash cache (E:\Code\Android\Ne10Test\pp\.gradle\4.6\fileHashes)" [_thread_blocked, id=8120, stack(0x000000001aba0000,0x000000001aca0000)]
  0x000000001938a800 JavaThread "File lock request listener" [_thread_in_native, id=19188, stack(0x000000001aaa0000,0x000000001aba0000)]
  0x000000001949e800 JavaThread "Cache worker for file hash cache (C:\Users\Administrator\.gradle\caches\4.6\fileHashes)" [_thread_blocked, id=17748, stack(0x000000001a9a0000,0x000000001aaa0000)]
  0x000000001934e800 JavaThread "Stdin handler" [_thread_blocked, id=19220, stack(0x000000001a6a0000,0x000000001a7a0000)]
  0x000000001934e000 JavaThread "Asynchronous log dispatcher for DefaultDaemonConnection: socket connection from /127.0.0.1:14042 to /127.0.0.1:14043" [_thread_blocked, id=17196, stack(0x000000001a5a0000,0x000000001a6a0000)]
  0x0000000019358000 JavaThread "Daemon worker" [_thread_blocked, id=9348, stack(0x000000001a4a0000,0x000000001a5a0000)]
  0x0000000019350000 JavaThread "Cancel handler" [_thread_blocked, id=20580, stack(0x000000001a3a0000,0x000000001a4a0000)]
  0x000000001918d000 JavaThread "Handler for socket connection from /127.0.0.1:14042 to /127.0.0.1:14043" [_thread_in_native, id=9264, stack(0x000000001a0a0000,0x000000001a1a0000)]
  0x000000001918c800 JavaThread "Daemon" [_thread_blocked, id=16100, stack(0x0000000019fa0000,0x000000001a0a0000)]
  0x0000000018f46800 JavaThread "Daemon periodic checks" [_thread_blocked, id=15148, stack(0x0000000019ea0000,0x0000000019fa0000)]
  0x0000000018f87000 JavaThread "Incoming local TCP Connector on port 14042" [_thread_in_native, id=18276, stack(0x0000000019cf0000,0x0000000019df0000)]
  0x000000001786e000 JavaThread "Service Thread" daemon [_thread_blocked, id=19116, stack(0x00000000180e0000,0x00000000181e0000)]
  0x000000001780e000 JavaThread "C1 CompilerThread2" daemon [_thread_in_native, id=18584, stack(0x0000000017fe0000,0x00000000180e0000)]
=>0x00000000177f3000 JavaThread "C2 CompilerThread1" daemon [_thread_in_native, id=7420, stack(0x0000000017ee0000,0x0000000017fe0000)]
  0x000000001642e800 JavaThread "C2 CompilerThread0" daemon [_thread_in_native, id=21412, stack(0x0000000017de0000,0x0000000017ee0000)]
  0x000000001642c800 JavaThread "Attach Listener" daemon [_thread_blocked, id=20608, stack(0x0000000017ce0000,0x0000000017de0000)]
  0x00000000177e8800 JavaThread "Signal Dispatcher" daemon [_thread_blocked, id=18744, stack(0x0000000017be0000,0x0000000017ce0000)]
  0x0000000002aab000 JavaThread "Finalizer" daemon [_thread_blocked, id=14732, stack(0x0000000017670000,0x0000000017770000)]
  0x0000000002aa2000 JavaThread "Reference Handler" daemon [_thread_blocked, id=3028, stack(0x0000000017570000,0x0000000017670000)]
  0x00000000029b2800 JavaThread "main" [_thread_blocked, id=12116, stack(0x00000000028b0000,0x00000000029b0000)]

Other Threads:
  0x00000000163e5800 VMThread [stack: 0x0000000017470000,0x0000000017570000] [id=12788]
  0x000000001786e800 WatcherThread [stack: 0x00000000181e0000,0x00000000182e0000] [id=12564]

VM state:not at safepoint (normal execution)

VM Mutex/Monitor currently owned by a thread:  ([mutex/lock_event])
[0x00000000029b1350] CompiledIC_lock - owner thread: 0x000000001780e000

Heap:
 PSYoungGen      total 163840K, used 11633K [0x00000000e0000000, 0x00000000ed980000, 0x0000000100000000)
  eden space 148480K, 7% used [0x00000000e0000000,0x00000000e0b5c490,0x00000000e9100000)
  from space 15360K, 0% used [0x00000000e9100000,0x00000000e9100000,0x00000000ea000000)
  to   space 15360K, 0% used [0x00000000eca80000,0x00000000eca80000,0x00000000ed980000)
 ParOldGen       total 141824K, used 34964K [0x00000000a0000000, 0x00000000a8a80000, 0x00000000e0000000)
  object space 141824K, 24% used [0x00000000a0000000,0x00000000a2225248,0x00000000a8a80000)
 Metaspace       used 58863K, capacity 60619K, committed 60888K, reserved 1101824K
  class space    used 7966K, capacity 8387K, committed 8448K, reserved 1048576K

Card table byte_map: [0x0000000011e70000,0x0000000012180000] byte_map_base: 0x0000000011970000

Marking Bits: (ParMarkBitMap*) 0x00000000767c5aa0
 Begin Bits: [0x0000000012780000, 0x0000000013f80000)
 End Bits:   [0x0000000013f80000, 0x0000000015780000)

Polling page: 0x0000000002500000

CodeCache: size=245760Kb used=21393Kb max_used=21666Kb free=224366Kb
 bounds [0x0000000002ab0000, 0x0000000004020000, 0x0000000011ab0000]
 total_blobs=7516 nmethods=6728 adapters=700
 compilation: enabled

Compilation events (10 events):
Event: 17.632 Thread 0x000000001780e000 7754       3       org.gradle.api.specs.CompositeSpec::uncheckedCast (2 bytes)
Event: 17.633 Thread 0x000000001780e000 nmethod 7754 0x000000000324b750 code [0x000000000324b8a0, 0x000000000324b9d0]
Event: 17.636 Thread 0x000000001780e000 7755       3       java.io.WinNTFileSystem::listRoots (163 bytes)
Event: 17.638 Thread 0x000000001780e000 nmethod 7755 0x00000000035e6e10 code [0x00000000035e71e0, 0x00000000035e9868]
Event: 17.656 Thread 0x000000001642e800 nmethod 7749 0x000000000353e3d0 code [0x000000000353e6a0, 0x0000000003540510]
Event: 17.657 Thread 0x000000001642e800 7751   !   4       java.net.URLClassLoader$1::run (63 bytes)
Event: 17.672 Thread 0x000000001780e000 7757   !   3       java.util.zip.ZipFile$ZipFileInputStream::close (110 bytes)
Event: 17.672 Thread 0x000000001780e000 nmethod 7757 0x00000000033b92d0 code [0x00000000033b9480, 0x00000000033b9c98]
Event: 17.716 Thread 0x000000001780e000 7758       3       com.sun.tools.javac.main.Option::matches (130 bytes)
Event: 17.717 Thread 0x000000001780e000 nmethod 7758 0x0000000003613c10 code [0x0000000003613e20, 0x0000000003614a98]

GC Heap History (10 events):
Event: 11.560 GC heap before
{Heap before GC invocations=12 (full 2):
 PSYoungGen      total 98304K, used 87552K [0x00000000e0000000, 0x00000000e8880000, 0x0000000100000000)
  eden space 87552K, 100% used [0x00000000e0000000,0x00000000e5580000,0x00000000e5580000)
  from space 10752K, 0% used [0x00000000e5580000,0x00000000e5580000,0x00000000e6000000)
  to   space 10752K, 0% used [0x00000000e7e00000,0x00000000e7e00000,0x00000000e8880000)
 ParOldGen       total 91136K, used 16374K [0x00000000a0000000, 0x00000000a5900000, 0x00000000e0000000)
  object space 91136K, 17% used [0x00000000a0000000,0x00000000a0ffda18,0x00000000a5900000)
 Metaspace       used 41142K, capacity 41907K, committed 42328K, reserved 1085440K
  class space    used 5508K, capacity 5726K, committed 5760K, reserved 1048576K
Event: 11.573 GC heap after
Heap after GC invocations=12 (full 2):
 PSYoungGen      total 122880K, used 9134K [0x00000000e0000000, 0x00000000e8700000, 0x0000000100000000)
  eden space 113664K, 0% used [0x00000000e0000000,0x00000000e0000000,0x00000000e6f00000)
  from space 9216K, 99% used [0x00000000e7e00000,0x00000000e86ebba8,0x00000000e8700000)
  to   space 11264K, 0% used [0x00000000e7100000,0x00000000e7100000,0x00000000e7c00000)
 ParOldGen       total 91136K, used 16382K [0x00000000a0000000, 0x00000000a5900000, 0x00000000e0000000)
  object space 91136K, 17% used [0x00000000a0000000,0x00000000a0fffa18,0x00000000a5900000)
 Metaspace       used 41142K, capacity 41907K, committed 42328K, reserved 1085440K
  class space    used 5508K, capacity 5726K, committed 5760K, reserved 1048576K
}
Event: 13.276 GC heap before
{Heap before GC invocations=13 (full 2):
 PSYoungGen      total 122880K, used 122798K [0x00000000e0000000, 0x00000000e8700000, 0x0000000100000000)
  eden space 113664K, 100% used [0x00000000e0000000,0x00000000e6f00000,0x00000000e6f00000)
  from space 9216K, 99% used [0x00000000e7e00000,0x00000000e86ebba8,0x00000000e8700000)
  to   space 11264K, 0% used [0x00000000e7100000,0x00000000e7100000,0x00000000e7c00000)
 ParOldGen       total 91136K, used 16382K [0x00000000a0000000, 0x00000000a5900000, 0x00000000e0000000)
  object space 91136K, 17% used [0x00000000a0000000,0x00000000a0fffa18,0x00000000a5900000)
 Metaspace       used 49108K, capacity 50149K, committed 50392K, reserved 1093632K
  class space    used 6547K, capacity 6856K, committed 6912K, reserved 1048576K
Event: 13.301 GC heap after
Heap after GC invocations=13 (full 2):
 PSYoungGen      total 126976K, used 11246K [0x00000000e0000000, 0x00000000eae80000, 0x0000000100000000)
  eden space 115712K, 0% used [0x00000000e0000000,0x00000000e0000000,0x00000000e7100000)
  from space 11264K, 99% used [0x00000000e7100000,0x00000000e7bfba80,0x00000000e7c00000)
  to   space 14848K, 0% used [0x00000000ea000000,0x00000000ea000000,0x00000000eae80000)
 ParOldGen       total 91136K, used 22566K [0x00000000a0000000, 0x00000000a5900000, 0x00000000e0000000)
  object space 91136K, 24% used [0x00000000a0000000,0x00000000a1609b30,0x00000000a5900000)
 Metaspace       used 49108K, capacity 50149K, committed 50392K, reserved 1093632K
  class space    used 6547K, capacity 6856K, committed 6912K, reserved 1048576K
}
Event: 15.832 GC heap before
{Heap before GC invocations=14 (full 2):
 PSYoungGen      total 126976K, used 126958K [0x00000000e0000000, 0x00000000eae80000, 0x0000000100000000)
  eden space 115712K, 100% used [0x00000000e0000000,0x00000000e7100000,0x00000000e7100000)
  from space 11264K, 99% used [0x00000000e7100000,0x00000000e7bfba80,0x00000000e7c00000)
  to   space 14848K, 0% used [0x00000000ea000000,0x00000000ea000000,0x00000000eae80000)
 ParOldGen       total 91136K, used 22566K [0x00000000a0000000, 0x00000000a5900000, 0x00000000e0000000)
  object space 91136K, 24% used [0x00000000a0000000,0x00000000a1609b30,0x00000000a5900000)
 Metaspace       used 56449K, capacity 58167K, committed 58328K, reserved 1099776K
  class space    used 7637K, capacity 8111K, committed 8192K, reserved 1048576K
Event: 15.865 GC heap after
Heap after GC invocations=14 (full 2):
 PSYoungGen      total 163328K, used 11789K [0x00000000e0000000, 0x00000000eb200000, 0x0000000100000000)
  eden space 148480K, 0% used [0x00000000e0000000,0x00000000e0000000,0x00000000e9100000)
  from space 14848K, 79% used [0x00000000ea000000,0x00000000eab837d0,0x00000000eae80000)
  to   space 15360K, 0% used [0x00000000e9100000,0x00000000e9100000,0x00000000ea000000)
 ParOldGen       total 91136K, used 33558K [0x00000000a0000000, 0x00000000a5900000, 0x00000000e0000000)
  object space 91136K, 36% used [0x00000000a0000000,0x00000000a20c5b98,0x00000000a5900000)
 Metaspace       used 56449K, capacity 58167K, committed 58328K, reserved 1099776K
  class space    used 7637K, capacity 8111K, committed 8192K, reserved 1048576K
}
Event: 17.285 GC heap before
{Heap before GC invocations=15 (full 2):
 PSYoungGen      total 163328K, used 67577K [0x00000000e0000000, 0x00000000eb200000, 0x0000000100000000)
  eden space 148480K, 37% used [0x00000000e0000000,0x00000000e367ac88,0x00000000e9100000)
  from space 14848K, 79% used [0x00000000ea000000,0x00000000eab837d0,0x00000000eae80000)
  to   space 15360K, 0% used [0x00000000e9100000,0x00000000e9100000,0x00000000ea000000)
 ParOldGen       total 91136K, used 33558K [0x00000000a0000000, 0x00000000a5900000, 0x00000000e0000000)
  object space 91136K, 36% used [0x00000000a0000000,0x00000000a20c5b98,0x00000000a5900000)
 Metaspace       used 57321K, capacity 59015K, committed 59028K, reserved 1099776K
  class space    used 7739K, capacity 8191K, committed 8192K, reserved 1048576K
Event: 17.297 GC heap after
Heap after GC invocations=15 (full 2):
 PSYoungGen      total 163840K, used 3609K [0x00000000e0000000, 0x00000000ed980000, 0x0000000100000000)
  eden space 148480K, 0% used [0x00000000e0000000,0x00000000e0000000,0x00000000e9100000)
  from space 15360K, 23% used [0x00000000e9100000,0x00000000e9486660,0x00000000ea000000)
  to   space 15360K, 0% used [0x00000000eca80000,0x00000000eca80000,0x00000000ed980000)
 ParOldGen       total 91136K, used 39323K [0x00000000a0000000, 0x00000000a5900000, 0x00000000e0000000)
  object space 91136K, 43% used [0x00000000a0000000,0x00000000a2666fb8,0x00000000a5900000)
 Metaspace       used 57321K, capacity 59015K, committed 59028K, reserved 1099776K
  class space    used 7739K, capacity 8191K, committed 8192K, reserved 1048576K
}
Event: 17.297 GC heap before
{Heap before GC invocations=16 (full 3):
 PSYoungGen      total 163840K, used 3609K [0x00000000e0000000, 0x00000000ed980000, 0x0000000100000000)
  eden space 148480K, 0% used [0x00000000e0000000,0x00000000e0000000,0x00000000e9100000)
  from space 15360K, 23% used [0x00000000e9100000,0x00000000e9486660,0x00000000ea000000)
  to   space 15360K, 0% used [0x00000000eca80000,0x00000000eca80000,0x00000000ed980000)
 ParOldGen       total 91136K, used 39323K [0x00000000a0000000, 0x00000000a5900000, 0x00000000e0000000)
  object space 91136K, 43% used [0x00000000a0000000,0x00000000a2666fb8,0x00000000a5900000)
 Metaspace       used 57321K, capacity 59015K, committed 59028K, reserved 1099776K
  class space    used 7739K, capacity 8191K, committed 8192K, reserved 1048576K
Event: 17.529 GC heap after
Heap after GC invocations=16 (full 3):
 PSYoungGen      total 163840K, used 0K [0x00000000e0000000, 0x00000000ed980000, 0x0000000100000000)
  eden space 148480K, 0% used [0x00000000e0000000,0x00000000e0000000,0x00000000e9100000)
  from space 15360K, 0% used [0x00000000e9100000,0x00000000e9100000,0x00000000ea000000)
  to   space 15360K, 0% used [0x00000000eca80000,0x00000000eca80000,0x00000000ed980000)
 ParOldGen       total 141824K, used 34964K [0x00000000a0000000, 0x00000000a8a80000, 0x00000000e0000000)
  object space 141824K, 24% used [0x00000000a0000000,0x00000000a2225248,0x00000000a8a80000)
 Metaspace       used 57321K, capacity 59015K, committed 59028K, reserved 1099776K
  class space    used 7739K, capacity 8191K, committed 8192K, reserved 1048576K
}

Deoptimization events (10 events):
Event: 17.188 Thread 0x000000001ba02800 Uncommon trap: reason=bimorphic action=maybe_recompile pc=0x0000000002d37c2c method=java.io.BufferedInputStream.read1([BII)I @ 39
Event: 17.200 Thread 0x000000001b9ff800 Uncommon trap: reason=unstable_if action=reinterpret pc=0x00000000034b78f8 method=org.gradle.util.GUtil.endsWith(Ljava/lang/CharSequence;Ljava/lang/CharSequence;)Z @ 11
Event: 17.256 Thread 0x000000001b9ff800 Uncommon trap: reason=class_check action=maybe_recompile pc=0x0000000003841278 method=com.google.common.collect.AbstractMapBasedMultimap$WrappedCollection.refreshIfEmpty()V @ 59
Event: 17.258 Thread 0x000000001b9ff800 Uncommon trap: reason=unstable_if action=reinterpret pc=0x0000000003d478cc method=java.util.HashMap$HashIterator.<init>(Ljava/util/HashMap;)V @ 45
Event: 17.534 Thread 0x000000001ba01000 Uncommon trap: reason=bimorphic action=maybe_recompile pc=0x0000000002d37c2c method=java.io.BufferedInputStream.read1([BII)I @ 39
Event: 17.557 Thread 0x000000001ba01000 Uncommon trap: reason=bimorphic action=maybe_recompile pc=0x0000000003632720 method=java.io.BufferedInputStream.read1([BII)I @ 39
Event: 17.622 Thread 0x000000001b9ff800 Uncommon trap: reason=unstable_if action=reinterpret pc=0x0000000003e0de4c method=java.util.HashMap$HashIterator.<init>(Ljava/util/HashMap;)V @ 45
Event: 17.624 Thread 0x000000001b9ff800 Uncommon trap: reason=unstable_if action=reinterpret pc=0x0000000003fa7154 method=org.gradle.api.internal.file.pattern.PatternMatcherFactory$PathMatcherBackedSpec.isSatisfiedBy(Lorg/gradle/api/file/RelativePath;)Z @ 11
Event: 17.624 Thread 0x000000001b9ff800 Uncommon trap: reason=unstable_if action=reinterpret pc=0x0000000003fa213c method=org.gradle.api.internal.file.pattern.FixedPatternStep.matches(Ljava/lang/String;)Z @ 4
Event: 17.626 Thread 0x000000001b9ff800 Uncommon trap: reason=unstable_if action=reinterpret pc=0x0000000003cfd0e8 method=java.lang.String.regionMatches(ZILjava/lang/String;II)Z @ 102

Classes redefined (0 events):
No events

Internal exceptions (10 events):
Event: 15.519 Thread 0x000000001b9ff800 Exception <a 'java/lang/NoSuchMethodError': <clinit>> (0x00000000e6619cb0) thrown at [D:\src\AOSP-openjdk-cygwin\jdk8u\hotspot\src\share\vm\prims\jni.cpp, line 1613]
Event: 15.725 Thread 0x000000001c09a000 Implicit null exception at 0x00000000033d8db0 to 0x00000000033d9075
Event: 16.275 Thread 0x000000001b9ff800 Exception <a 'java/lang/NoSuchMethodError': <clinit>> (0x00000000e155be98) thrown at [D:\src\AOSP-openjdk-cygwin\jdk8u\hotspot\src\share\vm\prims\jni.cpp, line 1613]
Event: 16.276 Thread 0x000000001b9ff800 Exception <a 'java/lang/NoSuchMethodError': <clinit>> (0x00000000e156ed78) thrown at [D:\src\AOSP-openjdk-cygwin\jdk8u\hotspot\src\share\vm\prims\jni.cpp, line 1613]
Event: 16.277 Thread 0x000000001b9ff800 Exception <a 'java/lang/NoSuchMethodError': <clinit>> (0x00000000e1570628) thrown at [D:\src\AOSP-openjdk-cygwin\jdk8u\hotspot\src\share\vm\prims\jni.cpp, line 1613]
Event: 16.404 Thread 0x000000001ba03800 Exception <a 'java/lang/NoSuchMethodError': <clinit>> (0x00000000e0f854c0) thrown at [D:\src\AOSP-openjdk-cygwin\jdk8u\hotspot\src\share\vm\prims\jni.cpp, line 1613]
Event: 16.510 Thread 0x000000001ba03800 Exception <a 'java/lang/NoSuchMethodError': <clinit>> (0x00000000e1b1b5f0) thrown at [D:\src\AOSP-openjdk-cygwin\jdk8u\hotspot\src\share\vm\prims\jni.cpp, line 1613]
Event: 16.512 Thread 0x000000001ba03800 Exception <a 'java/lang/NoSuchMethodError': <clinit>> (0x00000000e1b24fc0) thrown at [D:\src\AOSP-openjdk-cygwin\jdk8u\hotspot\src\share\vm\prims\jni.cpp, line 1613]
Event: 16.515 Thread 0x000000001ba03800 Exception <a 'java/lang/NoSuchMethodError': <clinit>> (0x00000000e1b3b2f0) thrown at [D:\src\AOSP-openjdk-cygwin\jdk8u\hotspot\src\share\vm\prims\jni.cpp, line 1613]
Event: 16.517 Thread 0x000000001ba03800 Exception <a 'java/lang/NoSuchMethodError': <clinit>> (0x00000000e1b461a8) thrown at [D:\src\AOSP-openjdk-cygwin\jdk8u\hotspot\src\share\vm\prims\jni.cpp, line 1613]

Events (10 events):
Event: 17.860 loading class com/sun/tools/javac/code/Type$3
Event: 17.860 loading class com/sun/tools/javac/code/Type$3 done
Event: 17.863 loading class com/sun/tools/javac/code/Type$JCPrimitiveType$1
Event: 17.863 loading class com/sun/tools/javac/code/Type$JCPrimitiveType$1 done
Event: 17.863 loading class java/lang/annotation/Repeatable
Event: 17.864 loading class java/lang/annotation/Repeatable done
Event: 17.864 loading class com/sun/tools/javac/code/TypeTag
Event: 17.864 loading class com/sun/tools/javac/code/TypeTag done
Event: 17.866 loading class com/sun/tools/javac/util/Assert
Event: 17.866 loading class com/sun/tools/javac/util/Assert done


Dynamic libraries:
0x00007ff6340e0000 - 0x00007ff634111000 	D:\AndroidStudio\jre\bin\java.exe
0x00007ffeb7d00000 - 0x00007ffeb7eed000 	C:\WINDOWS\SYSTEM32\ntdll.dll
0x00007ffeb5070000 - 0x00007ffeb5123000 	C:\WINDOWS\System32\KERNEL32.DLL
0x00007ffeb4a70000 - 0x00007ffeb4d03000 	C:\WINDOWS\System32\KERNELBASE.dll
0x00007ffeb6780000 - 0x00007ffeb6823000 	C:\WINDOWS\System32\ADVAPI32.dll
0x00007ffeb71f0000 - 0x00007ffeb728e000 	C:\WINDOWS\System32\msvcrt.dll
0x00007ffeb7320000 - 0x00007ffeb73be000 	C:\WINDOWS\System32\sechost.dll
0x00007ffeb6c30000 - 0x00007ffeb6d52000 	C:\WINDOWS\System32\RPCRT4.dll
0x00007ffeb6fa0000 - 0x00007ffeb7137000 	C:\WINDOWS\System32\USER32.dll
0x00007ffeb4d90000 - 0x00007ffeb4db0000 	C:\WINDOWS\System32\win32u.dll
0x00007ffeb7140000 - 0x00007ffeb7169000 	C:\WINDOWS\System32\GDI32.dll
0x00007ffeb45f0000 - 0x00007ffeb478a000 	C:\WINDOWS\System32\gdi32full.dll
0x00007ffeb4db0000 - 0x00007ffeb4e50000 	C:\WINDOWS\System32\msvcp_win.dll
0x00007ffeb4970000 - 0x00007ffeb4a6a000 	C:\WINDOWS\System32\ucrtbase.dll
0x00007ffea3de0000 - 0x00007ffea4059000 	C:\WINDOWS\WinSxS\amd64_microsoft.windows.common-controls_6595b64144ccf1df_6.0.17763.557_none_05b63f68071e5b9f\COMCTL32.dll
0x00007ffeb74a0000 - 0x00007ffeb77cc000 	C:\WINDOWS\System32\combase.dll
0x00007ffeb4d10000 - 0x00007ffeb4d8e000 	C:\WINDOWS\System32\bcryptPrimitives.dll
0x00007ffeb6dc0000 - 0x00007ffeb6dee000 	C:\WINDOWS\System32\IMM32.DLL
0x0000000050630000 - 0x0000000050702000 	D:\AndroidStudio\jre\jre\bin\msvcr100.dll
0x0000000076000000 - 0x0000000076841000 	D:\AndroidStudio\jre\jre\bin\server\jvm.dll
0x00007ffeb4f30000 - 0x00007ffeb4f38000 	C:\WINDOWS\System32\PSAPI.DLL
0x00007ffea00f0000 - 0x00007ffea00f9000 	C:\WINDOWS\SYSTEM32\WSOCK32.dll
0x00007ffeb1b40000 - 0x00007ffeb1b64000 	C:\WINDOWS\SYSTEM32\WINMM.dll
0x00007ffeb28f0000 - 0x00007ffeb28fa000 	C:\WINDOWS\SYSTEM32\VERSION.dll
0x00007ffeb6890000 - 0x00007ffeb68fd000 	C:\WINDOWS\System32\WS2_32.dll
0x00007ffeb1b10000 - 0x00007ffeb1b3d000 	C:\WINDOWS\SYSTEM32\WINMMBASE.dll
0x00007ffeb3df0000 - 0x00007ffeb3e3a000 	C:\WINDOWS\System32\cfgmgr32.dll
0x00007ffeaef20000 - 0x00007ffeaef2f000 	D:\AndroidStudio\jre\jre\bin\verify.dll
0x00007ffea2500000 - 0x00007ffea2529000 	D:\AndroidStudio\jre\jre\bin\java.dll
0x00007ffeab3d0000 - 0x00007ffeab3e6000 	D:\AndroidStudio\jre\jre\bin\zip.dll
0x00007ffeb5130000 - 0x00007ffeb6620000 	C:\WINDOWS\System32\SHELL32.dll
0x00007ffeb6620000 - 0x00007ffeb66c8000 	C:\WINDOWS\System32\shcore.dll
0x00007ffeb3e40000 - 0x00007ffeb458a000 	C:\WINDOWS\System32\windows.storage.dll
0x00007ffeb3d20000 - 0x00007ffeb3d44000 	C:\WINDOWS\System32\profapi.dll
0x00007ffeb3d70000 - 0x00007ffeb3dcd000 	C:\WINDOWS\System32\powrprof.dll
0x00007ffeb77d0000 - 0x00007ffeb7822000 	C:\WINDOWS\System32\shlwapi.dll
0x00007ffeb3d00000 - 0x00007ffeb3d11000 	C:\WINDOWS\System32\kernel.appcore.dll
0x00007ffeb3dd0000 - 0x00007ffeb3de7000 	C:\WINDOWS\System32\cryptsp.dll
0x00007ffea41b0000 - 0x00007ffea41ca000 	D:\AndroidStudio\jre\jre\bin\net.dll
0x00007ffeb3520000 - 0x00007ffeb3587000 	C:\WINDOWS\system32\mswsock.dll
0x00007ffea3b80000 - 0x00007ffea3b91000 	D:\AndroidStudio\jre\jre\bin\nio.dll
0x00007ffe8f1e0000 - 0x00007ffe8f1fe000 	C:\Users\Administrator\.gradle\native\25\windows-amd64\native-platform.dll
0x00007ffea3db0000 - 0x00007ffea3dbd000 	D:\AndroidStudio\jre\jre\bin\management.dll
0x00007ffeb30e0000 - 0x00007ffeb3113000 	C:\WINDOWS\system32\rsaenh.dll
0x00007ffeb4f00000 - 0x00007ffeb4f26000 	C:\WINDOWS\System32\bcrypt.dll
0x00007ffeb3c00000 - 0x00007ffeb3c28000 	C:\WINDOWS\SYSTEM32\USERENV.dll
0x00007ffeb36f0000 - 0x00007ffeb36fc000 	C:\WINDOWS\SYSTEM32\CRYPTBASE.dll
0x00007ffeb3280000 - 0x00007ffeb32bd000 	C:\WINDOWS\SYSTEM32\IPHLPAPI.DLL
0x00007ffeb73c0000 - 0x00007ffeb73c8000 	C:\WINDOWS\System32\NSI.dll
0x00007ffeaca00000 - 0x00007ffeaca16000 	C:\WINDOWS\SYSTEM32\dhcpcsvc6.DLL
0x00007ffeac8a0000 - 0x00007ffeac8bc000 	C:\WINDOWS\SYSTEM32\dhcpcsvc.DLL
0x00007ffeb32c0000 - 0x00007ffeb3386000 	C:\WINDOWS\SYSTEM32\DNSAPI.dll

VM Arguments:
jvm_args: -Xmx1536m -Dfile.encoding=GBK -Duser.country=CN -Duser.language=zh -Duser.variant 
java_command: org.gradle.launcher.daemon.bootstrap.GradleDaemon 4.6
java_class_path (initial): C:\Users\Administrator\.gradle\wrapper\dists\gradle-4.6-all\bcst21l2brirad8k2ben1letg\gradle-4.6\lib\gradle-launcher-4.6.jar
Launcher Type: SUN_STANDARD

Environment Variables:
JAVA_HOME=C:\Program Files\Java\jdk1.8.0_181
CLASSPATH=.;C:\Program Files\Java\jdk1.8.0_181\lib;C:\Program Files\Java\jdk1.8.0_181lib\tool.jar;C:\Program Files\apache-tomcat-7.0.93\lib\servlet-api.jar;F:\mysql-connector-java-8.0.15.jar;C:\Users\Administrator\AppData\Local\Android\Sdk\ndk-bundle\sources\android\cpufeatures
PATH=C:\WINDOWS\system32;C:\WINDOWS;C:\WINDOWS\System32\Wbem;C:\WINDOWS\System32\WindowsPowerShell\v1.0\;D:\Git\Git\cmd;C:\Program Files (x86)\STMicroelectronics\STM32 ST-LINK Utility\ST-LINK Utility;D:\matlab\runtime\win64;D:\matlab\bin;D:\Matlab_\runtime\win64;D:\Matlab_\bin;C:\Program Files (x86)\Microsoft SQL Server\100\Tools\Binn\;C:\Program Files\Microsoft SQL Server\100\Tools\Binn\;C:\Program Files\Microsoft SQL Server\100\DTS\Binn\;C:\Program Files\Java\jdk1.8.0_181\bin;E:\Visual_Studio_Projects\TestInt\x64\Debug;C:\WINDOWS\System32\OpenSSH\;C:\Users\Administrator\AppData\Local\Android\Sdk\ndk-bundle;C:\Users\Administrator\AppData\Local\Android\Sdk\platform-tools\;D:\MySql\mysql-8.0.15-winx64\bin;C:\Program Files\apache-tomcat-7.0.93\bin;"C:\Program Files\Java\jdk1.8.0_181\bin;C:\Program Files\Java\jdk1.8.0_181\jre\bin";F:\cmake\cmake-3.15.0-rc1-win64-x64\bin;C:\Users\Administrator\AppData\Local\Android\Sdk\ndk-bundle\sources\android\cpufeatures;C:\Users\Administrator\AppData\Local\Android\Sdk\ndk-bundle;armv7;F:\mingww\include;F:\mingww\bin;F:\mingww\lib;C:\Users\Administrator\AppData\Local\Programs\Python\Python37\Scripts\;C:\Users\Administrator\AppData\Local\Programs\Python\Python37\;C:\Users\Administrator\AppData\Local\Microsoft\WindowsApps
USERNAME=Administrator
OS=Windows_NT
PROCESSOR_IDENTIFIER=Intel64 Family 6 Model 60 Stepping 3, GenuineIntel



---------------  S Y S T E M  ---------------

OS: Windows 10.0 , 64 bit Build 17763 (10.0.17763.475)

CPU:total 4 (initial active 4) (2 cores per cpu, 2 threads per core) family 6 model 60 stepping 3, cmov, cx8, fxsr, mmx, sse, sse2, sse3, ssse3, sse4.1, sse4.2, popcnt, avx, avx2, aes, clmul, erms, lzcnt, ht, tsc, tscinvbit, bmi1, bmi2

Memory: 4k page, physical 8286152k(1135032k free), swap 15488040k(4408k free)

vm_info: OpenJDK 64-Bit Server VM (25.152-b06) for windows-amd64 JRE (1.8.0_152-release-1136-b06), built by "builder" with MS VC++ 10.0 (VS2010)

time: Tue Jul 02 19:12:03 2019
elapsed time: 17 seconds (0d 0h 0m 17s)

